featureflavors/export/build/intermediates/manifest_merge_blame_file/release/manifest-merger-blame-release-report.txt
1<?xml version="1.0" encoding="utf-8"?>
2<!--
3  ~ Copyright 2018 Google LLC.
4  ~
5  ~ Licensed under the Apache License, Version 2.0 (the "License");
6  ~ you may not use this file except in compliance with the License.
7  ~ You may obtain a copy of the License at
8  ~
9  ~    http://www.apache.org/licenses/LICENSE-2.0
10  ~
11  ~ Unless required by applicable law or agreed to in writing, software
12  ~ distributed under the License is distributed on an "AS IS" BASIS,
13  ~ WITHOUT WARRANTIES OR CONDITIONS OF ANY KIND, either express or implied.
14  ~ See the License for the specific language governing permissions and
15  ~ limitations under the License.
16-->
17<!-- This feature module only contains a single assets file relevant to the Android app. -->
18<manifest xmlns:android="http://schemas.android.com/apk/res/android"
19    xmlns:dist="http://schemas.android.com/apk/distribution"
20    featureSplit="export"
21    package="com.jacky.android.app_aab"
22    android:versionCode="1"
23    android:versionName="1.0" >
24
25    <uses-sdk
26        android:minSdkVersion="14"
26-->src/main/AndroidManifest.xml
27        android:targetSdkVersion="28" />
27-->src/main/AndroidManifest.xml
28
29    <dist:module
29-->src/main/AndroidManifest.xml:22:5-26:19
30        dist:onDemand="true"
30-->src/main/AndroidManifest.xml:23:9-29
31        dist:title="@string/dfm_export" >
31-->src/main/AndroidManifest.xml:24:9-40
32        <dist:fusing dist:include="false" />
32-->src/main/AndroidManifest.xml:25:9-45
32-->src/main/AndroidManifest.xml:25:22-42
33    </dist:module>
34
35    <queries>
35-->src/main/AndroidManifest.xml:36:5-40:15
36        <package android:name="com.jacky.export.cast" />
36-->src/main/AndroidManifest.xml:37:9-57
36-->src/main/AndroidManifest.xml:37:18-54
37        <package android:name="com.jacky.export.pmres" />
37-->src/main/AndroidManifest.xml:37:9-57
37-->src/main/AndroidManifest.xml:37:18-54
38        <package android:name="com.jacky.test" />
38-->src/main/AndroidManifest.xml:37:9-57
38-->src/main/AndroidManifest.xml:37:18-54
39    </queries>
40
41    <application android:hasCode="false" >
41-->src/main/AndroidManifest.xml:28:5-35:19
41-->src/main/AndroidManifest.xml:28:18-41
42        <meta-data
42-->src/main/AndroidManifest.xml:29:9-31:47
43            android:name="app_key"
43-->src/main/AndroidManifest.xml:30:13-35
44            android:value="@string/app_key" />
44-->src/main/AndroidManifest.xml:31:13-44
45        <meta-data
45-->src/main/AndroidManifest.xml:32:9-34:53
46            android:name="android.app.shortcuts"
46-->src/main/AndroidManifest.xml:33:13-49
47            android:value="@xml/shortcuts_export" />
47-->src/main/AndroidManifest.xml:34:13-50
48    </application>
49
50</manifest>